2021-05-01 13:47:46.241 [main] ERROR o.s.b.diagnostics.LoggingFailureAnalysisReporter - 

***************************
APPLICATION FAILED TO START
***************************

Description:

Field redisCash in com.sharer.server.core.processer.LoginProcesser required a bean of type 'com.sharer.server.core.utils.RedisCash' that could not be found.

The injection point has the following annotations:
	- @org.springframework.beans.factory.annotation.Autowired(required=true)


Action:

Consider defining a bean of type 'com.sharer.server.core.utils.RedisCash' in your configuration.

2021-05-01 14:46:00.298 [Curator-PathChildrenCache-0] ERROR o.a.c.framework.recipes.cache.PathChildrenCache - 
java.util.concurrent.RejectedExecutionException: Task org.apache.curator.framework.listen.ListenerContainer$1@43cdc915 rejected from java.util.concurrent.ThreadPoolExecutor@5b7c2198[Terminated, pool size = 0, active threads = 0, queued tasks = 0, completed tasks = 2]
	at java.util.concurrent.ThreadPoolExecutor$AbortPolicy.rejectedExecution(ThreadPoolExecutor.java:2063)
	at java.util.concurrent.ThreadPoolExecutor.reject(ThreadPoolExecutor.java:830)
	at java.util.concurrent.ThreadPoolExecutor.execute(ThreadPoolExecutor.java:1379)
	at org.apache.curator.framework.listen.ListenerContainer.forEach(ListenerContainer.java:92)
	at org.apache.curator.framework.recipes.cache.PathChildrenCache.callListeners(PathChildrenCache.java:530)
	at org.apache.curator.framework.recipes.cache.EventOperation.invoke(EventOperation.java:35)
	at org.apache.curator.framework.recipes.cache.PathChildrenCache$9.run(PathChildrenCache.java:808)
	at java.util.concurrent.Executors$RunnableAdapter.call(Executors.java:511)
	at java.util.concurrent.FutureTask.run$$$capture(FutureTask.java:266)
	at java.util.concurrent.FutureTask.run(FutureTask.java)
	at java.util.concurrent.Executors$RunnableAdapter.call(Executors.java:511)
	at java.util.concurrent.FutureTask.run$$$capture(FutureTask.java:266)
	at java.util.concurrent.FutureTask.run(FutureTask.java)
	at java.util.concurrent.ThreadPoolExecutor.runWorker(ThreadPoolExecutor.java:1149)
	at java.util.concurrent.ThreadPoolExecutor$Worker.run(ThreadPoolExecutor.java:624)
	at java.lang.Thread.run(Thread.java:748)
2021-05-01 14:46:00.299 [Curator-PathChildrenCache-0] ERROR o.a.c.framework.recipes.cache.PathChildrenCache - 
java.lang.IllegalStateException: Expected state [STARTED] was [STOPPED]
	at org.apache.curator.shaded.com.google.common.base.Preconditions.checkState(Preconditions.java:823)
	at org.apache.curator.framework.imps.CuratorFrameworkImpl.checkState(CuratorFrameworkImpl.java:432)
	at org.apache.curator.framework.imps.CuratorFrameworkImpl.getChildren(CuratorFrameworkImpl.java:480)
	at org.apache.curator.framework.recipes.cache.PathChildrenCache.refresh(PathChildrenCache.java:524)
	at org.apache.curator.framework.recipes.cache.RefreshOperation.invoke(RefreshOperation.java:35)
	at org.apache.curator.framework.recipes.cache.PathChildrenCache$9.run(PathChildrenCache.java:808)
	at java.util.concurrent.Executors$RunnableAdapter.call(Executors.java:511)
	at java.util.concurrent.FutureTask.run$$$capture(FutureTask.java:266)
	at java.util.concurrent.FutureTask.run(FutureTask.java)
	at java.util.concurrent.Executors$RunnableAdapter.call(Executors.java:511)
	at java.util.concurrent.FutureTask.run$$$capture(FutureTask.java:266)
	at java.util.concurrent.FutureTask.run(FutureTask.java)
	at java.util.concurrent.ThreadPoolExecutor.runWorker(ThreadPoolExecutor.java:1149)
	at java.util.concurrent.ThreadPoolExecutor$Worker.run(ThreadPoolExecutor.java:624)
	at java.lang.Thread.run(Thread.java:748)
2021-05-01 14:46:16.017 [Curator-PathChildrenCache-0] ERROR o.a.c.framework.recipes.cache.PathChildrenCache - 
java.util.concurrent.RejectedExecutionException: Task org.apache.curator.framework.listen.ListenerContainer$1@307a7eca rejected from java.util.concurrent.ThreadPoolExecutor@1d0dfb97[Terminated, pool size = 0, active threads = 0, queued tasks = 0, completed tasks = 2]
	at java.util.concurrent.ThreadPoolExecutor$AbortPolicy.rejectedExecution(ThreadPoolExecutor.java:2063)
	at java.util.concurrent.ThreadPoolExecutor.reject(ThreadPoolExecutor.java:830)
	at java.util.concurrent.ThreadPoolExecutor.execute(ThreadPoolExecutor.java:1379)
	at org.apache.curator.framework.listen.ListenerContainer.forEach(ListenerContainer.java:92)
	at org.apache.curator.framework.recipes.cache.PathChildrenCache.callListeners(PathChildrenCache.java:530)
	at org.apache.curator.framework.recipes.cache.EventOperation.invoke(EventOperation.java:35)
	at org.apache.curator.framework.recipes.cache.PathChildrenCache$9.run(PathChildrenCache.java:808)
	at java.util.concurrent.Executors$RunnableAdapter.call(Executors.java:511)
	at java.util.concurrent.FutureTask.run$$$capture(FutureTask.java:266)
	at java.util.concurrent.FutureTask.run(FutureTask.java)
	at java.util.concurrent.Executors$RunnableAdapter.call(Executors.java:511)
	at java.util.concurrent.FutureTask.run$$$capture(FutureTask.java:266)
	at java.util.concurrent.FutureTask.run(FutureTask.java)
	at java.util.concurrent.ThreadPoolExecutor.runWorker(ThreadPoolExecutor.java:1149)
	at java.util.concurrent.ThreadPoolExecutor$Worker.run(ThreadPoolExecutor.java:624)
	at java.lang.Thread.run(Thread.java:748)
2021-05-01 14:46:16.018 [Curator-PathChildrenCache-0] ERROR o.a.c.framework.recipes.cache.PathChildrenCache - 
java.lang.IllegalStateException: Expected state [STARTED] was [STOPPED]
	at org.apache.curator.shaded.com.google.common.base.Preconditions.checkState(Preconditions.java:823)
	at org.apache.curator.framework.imps.CuratorFrameworkImpl.checkState(CuratorFrameworkImpl.java:432)
	at org.apache.curator.framework.imps.CuratorFrameworkImpl.getChildren(CuratorFrameworkImpl.java:480)
	at org.apache.curator.framework.recipes.cache.PathChildrenCache.refresh(PathChildrenCache.java:524)
	at org.apache.curator.framework.recipes.cache.RefreshOperation.invoke(RefreshOperation.java:35)
	at org.apache.curator.framework.recipes.cache.PathChildrenCache$9.run(PathChildrenCache.java:808)
	at java.util.concurrent.Executors$RunnableAdapter.call(Executors.java:511)
	at java.util.concurrent.FutureTask.run$$$capture(FutureTask.java:266)
	at java.util.concurrent.FutureTask.run(FutureTask.java)
	at java.util.concurrent.Executors$RunnableAdapter.call(Executors.java:511)
	at java.util.concurrent.FutureTask.run$$$capture(FutureTask.java:266)
	at java.util.concurrent.FutureTask.run(FutureTask.java)
	at java.util.concurrent.ThreadPoolExecutor.runWorker(ThreadPoolExecutor.java:1149)
	at java.util.concurrent.ThreadPoolExecutor$Worker.run(ThreadPoolExecutor.java:624)
	at java.lang.Thread.run(Thread.java:748)
2021-05-01 15:36:24.632 [Curator-PathChildrenCache-0] ERROR o.a.c.framework.recipes.cache.PathChildrenCache - 
java.util.concurrent.RejectedExecutionException: Task org.apache.curator.framework.listen.ListenerContainer$1@2db5c759 rejected from java.util.concurrent.ThreadPoolExecutor@71f233c1[Terminated, pool size = 0, active threads = 0, queued tasks = 0, completed tasks = 2]
	at java.util.concurrent.ThreadPoolExecutor$AbortPolicy.rejectedExecution(ThreadPoolExecutor.java:2063)
	at java.util.concurrent.ThreadPoolExecutor.reject(ThreadPoolExecutor.java:830)
	at java.util.concurrent.ThreadPoolExecutor.execute(ThreadPoolExecutor.java:1379)
	at org.apache.curator.framework.listen.ListenerContainer.forEach(ListenerContainer.java:92)
	at org.apache.curator.framework.recipes.cache.PathChildrenCache.callListeners(PathChildrenCache.java:530)
	at org.apache.curator.framework.recipes.cache.EventOperation.invoke(EventOperation.java:35)
	at org.apache.curator.framework.recipes.cache.PathChildrenCache$9.run(PathChildrenCache.java:808)
	at java.util.concurrent.Executors$RunnableAdapter.call(Executors.java:511)
	at java.util.concurrent.FutureTask.run$$$capture(FutureTask.java:266)
	at java.util.concurrent.FutureTask.run(FutureTask.java)
	at java.util.concurrent.Executors$RunnableAdapter.call(Executors.java:511)
	at java.util.concurrent.FutureTask.run$$$capture(FutureTask.java:266)
	at java.util.concurrent.FutureTask.run(FutureTask.java)
	at java.util.concurrent.ThreadPoolExecutor.runWorker(ThreadPoolExecutor.java:1149)
	at java.util.concurrent.ThreadPoolExecutor$Worker.run(ThreadPoolExecutor.java:624)
	at java.lang.Thread.run(Thread.java:748)
2021-05-01 15:36:24.637 [Curator-PathChildrenCache-0] ERROR o.a.c.framework.recipes.cache.PathChildrenCache - 
java.lang.IllegalStateException: Expected state [STARTED] was [STOPPED]
	at org.apache.curator.shaded.com.google.common.base.Preconditions.checkState(Preconditions.java:823)
	at org.apache.curator.framework.imps.CuratorFrameworkImpl.checkState(CuratorFrameworkImpl.java:432)
	at org.apache.curator.framework.imps.CuratorFrameworkImpl.getChildren(CuratorFrameworkImpl.java:480)
	at org.apache.curator.framework.recipes.cache.PathChildrenCache.refresh(PathChildrenCache.java:524)
	at org.apache.curator.framework.recipes.cache.RefreshOperation.invoke(RefreshOperation.java:35)
	at org.apache.curator.framework.recipes.cache.PathChildrenCache$9.run(PathChildrenCache.java:808)
	at java.util.concurrent.Executors$RunnableAdapter.call(Executors.java:511)
	at java.util.concurrent.FutureTask.run$$$capture(FutureTask.java:266)
	at java.util.concurrent.FutureTask.run(FutureTask.java)
	at java.util.concurrent.Executors$RunnableAdapter.call(Executors.java:511)
	at java.util.concurrent.FutureTask.run$$$capture(FutureTask.java:266)
	at java.util.concurrent.FutureTask.run(FutureTask.java)
	at java.util.concurrent.ThreadPoolExecutor.runWorker(ThreadPoolExecutor.java:1149)
	at java.util.concurrent.ThreadPoolExecutor$Worker.run(ThreadPoolExecutor.java:624)
	at java.lang.Thread.run(Thread.java:748)
2021-05-01 15:59:49.627 [apppool-2-io-2] ERROR o.a.c.framework.recipes.cache.PathChildrenCache - 
java.lang.NumberFormatException: For input string: ""
	at java.lang.NumberFormatException.forInputString(NumberFormatException.java:65)
	at java.lang.Long.parseLong(Long.java:601)
	at java.lang.Long.parseLong(Long.java:631)
	at com.sharer.server.core.distributed.ImWorker.getIdByPath(ImWorker.java:120)
	at com.sharer.server.core.distributed.WorkerRouter.processNodeAdded(WorkerRouter.java:157)
	at com.sharer.server.core.distributed.WorkerRouter.access$100(WorkerRouter.java:25)
	at com.sharer.server.core.distributed.WorkerRouter$1.childEvent(WorkerRouter.java:91)
	at org.apache.curator.framework.recipes.cache.PathChildrenCache$5.apply(PathChildrenCache.java:538)
	at org.apache.curator.framework.recipes.cache.PathChildrenCache$5.apply(PathChildrenCache.java:532)
	at org.apache.curator.framework.listen.ListenerContainer$1.run(ListenerContainer.java:100)
	at java.util.concurrent.ThreadPoolExecutor.runWorker(ThreadPoolExecutor.java:1149)
	at java.util.concurrent.ThreadPoolExecutor$Worker.run(ThreadPoolExecutor.java:624)
	at java.lang.Thread.run(Thread.java:748)
2021-05-01 16:00:14.838 [Curator-PathChildrenCache-0] ERROR o.a.c.framework.recipes.cache.PathChildrenCache - 
java.util.concurrent.RejectedExecutionException: Task org.apache.curator.framework.listen.ListenerContainer$1@1a46d727 rejected from java.util.concurrent.ThreadPoolExecutor@6acb99eb[Terminated, pool size = 0, active threads = 0, queued tasks = 0, completed tasks = 4]
	at java.util.concurrent.ThreadPoolExecutor$AbortPolicy.rejectedExecution(ThreadPoolExecutor.java:2063)
	at java.util.concurrent.ThreadPoolExecutor.reject(ThreadPoolExecutor.java:830)
	at java.util.concurrent.ThreadPoolExecutor.execute(ThreadPoolExecutor.java:1379)
	at org.apache.curator.framework.listen.ListenerContainer.forEach(ListenerContainer.java:92)
	at org.apache.curator.framework.recipes.cache.PathChildrenCache.callListeners(PathChildrenCache.java:530)
	at org.apache.curator.framework.recipes.cache.EventOperation.invoke(EventOperation.java:35)
	at org.apache.curator.framework.recipes.cache.PathChildrenCache$9.run(PathChildrenCache.java:808)
	at java.util.concurrent.Executors$RunnableAdapter.call(Executors.java:511)
	at java.util.concurrent.FutureTask.run$$$capture(FutureTask.java:266)
	at java.util.concurrent.FutureTask.run(FutureTask.java)
	at java.util.concurrent.Executors$RunnableAdapter.call(Executors.java:511)
	at java.util.concurrent.FutureTask.run$$$capture(FutureTask.java:266)
	at java.util.concurrent.FutureTask.run(FutureTask.java)
	at java.util.concurrent.ThreadPoolExecutor.runWorker(ThreadPoolExecutor.java:1149)
	at java.util.concurrent.ThreadPoolExecutor$Worker.run(ThreadPoolExecutor.java:624)
	at java.lang.Thread.run(Thread.java:748)
2021-05-01 16:00:14.839 [Curator-PathChildrenCache-0] ERROR o.a.c.framework.recipes.cache.PathChildrenCache - 
java.lang.IllegalStateException: Expected state [STARTED] was [STOPPED]
	at org.apache.curator.shaded.com.google.common.base.Preconditions.checkState(Preconditions.java:823)
	at org.apache.curator.framework.imps.CuratorFrameworkImpl.checkState(CuratorFrameworkImpl.java:432)
	at org.apache.curator.framework.imps.CuratorFrameworkImpl.getChildren(CuratorFrameworkImpl.java:480)
	at org.apache.curator.framework.recipes.cache.PathChildrenCache.refresh(PathChildrenCache.java:524)
	at org.apache.curator.framework.recipes.cache.RefreshOperation.invoke(RefreshOperation.java:35)
	at org.apache.curator.framework.recipes.cache.PathChildrenCache$9.run(PathChildrenCache.java:808)
	at java.util.concurrent.Executors$RunnableAdapter.call(Executors.java:511)
	at java.util.concurrent.FutureTask.run$$$capture(FutureTask.java:266)
	at java.util.concurrent.FutureTask.run(FutureTask.java)
	at java.util.concurrent.Executors$RunnableAdapter.call(Executors.java:511)
	at java.util.concurrent.FutureTask.run$$$capture(FutureTask.java:266)
	at java.util.concurrent.FutureTask.run(FutureTask.java)
	at java.util.concurrent.ThreadPoolExecutor.runWorker(ThreadPoolExecutor.java:1149)
	at java.util.concurrent.ThreadPoolExecutor$Worker.run(ThreadPoolExecutor.java:624)
	at java.lang.Thread.run(Thread.java:748)
2021-05-01 16:00:29.733 [apppool-2-io-3] ERROR o.a.c.framework.recipes.cache.PathChildrenCache - 
java.lang.NumberFormatException: For input string: ""
	at java.lang.NumberFormatException.forInputString(NumberFormatException.java:65)
	at java.lang.Long.parseLong(Long.java:601)
	at java.lang.Long.parseLong(Long.java:631)
	at com.sharer.server.core.distributed.ImWorker.getIdByPath(ImWorker.java:120)
	at com.sharer.server.core.distributed.WorkerRouter.processNodeAdded(WorkerRouter.java:157)
	at com.sharer.server.core.distributed.WorkerRouter.access$100(WorkerRouter.java:25)
	at com.sharer.server.core.distributed.WorkerRouter$1.childEvent(WorkerRouter.java:91)
	at org.apache.curator.framework.recipes.cache.PathChildrenCache$5.apply(PathChildrenCache.java:538)
	at org.apache.curator.framework.recipes.cache.PathChildrenCache$5.apply(PathChildrenCache.java:532)
	at org.apache.curator.framework.listen.ListenerContainer$1.run(ListenerContainer.java:100)
	at java.util.concurrent.ThreadPoolExecutor.runWorker(ThreadPoolExecutor.java:1149)
	at java.util.concurrent.ThreadPoolExecutor$Worker.run(ThreadPoolExecutor.java:624)
	at java.lang.Thread.run(Thread.java:748)
2021-05-01 16:01:06.215 [Curator-PathChildrenCache-0] ERROR o.a.c.framework.recipes.cache.PathChildrenCache - 
java.util.concurrent.RejectedExecutionException: Task org.apache.curator.framework.listen.ListenerContainer$1@24fbf75f rejected from java.util.concurrent.ThreadPoolExecutor@aeaa247[Terminated, pool size = 0, active threads = 0, queued tasks = 0, completed tasks = 5]
	at java.util.concurrent.ThreadPoolExecutor$AbortPolicy.rejectedExecution(ThreadPoolExecutor.java:2063)
	at java.util.concurrent.ThreadPoolExecutor.reject(ThreadPoolExecutor.java:830)
	at java.util.concurrent.ThreadPoolExecutor.execute(ThreadPoolExecutor.java:1379)
	at org.apache.curator.framework.listen.ListenerContainer.forEach(ListenerContainer.java:92)
	at org.apache.curator.framework.recipes.cache.PathChildrenCache.callListeners(PathChildrenCache.java:530)
	at org.apache.curator.framework.recipes.cache.EventOperation.invoke(EventOperation.java:35)
	at org.apache.curator.framework.recipes.cache.PathChildrenCache$9.run(PathChildrenCache.java:808)
	at java.util.concurrent.Executors$RunnableAdapter.call(Executors.java:511)
	at java.util.concurrent.FutureTask.run$$$capture(FutureTask.java:266)
	at java.util.concurrent.FutureTask.run(FutureTask.java)
	at java.util.concurrent.Executors$RunnableAdapter.call(Executors.java:511)
	at java.util.concurrent.FutureTask.run$$$capture(FutureTask.java:266)
	at java.util.concurrent.FutureTask.run(FutureTask.java)
	at java.util.concurrent.ThreadPoolExecutor.runWorker(ThreadPoolExecutor.java:1149)
	at java.util.concurrent.ThreadPoolExecutor$Worker.run(ThreadPoolExecutor.java:624)
	at java.lang.Thread.run(Thread.java:748)
2021-05-01 16:01:06.215 [Curator-PathChildrenCache-0] ERROR o.a.c.framework.recipes.cache.PathChildrenCache - 
java.lang.IllegalStateException: Expected state [STARTED] was [STOPPED]
	at org.apache.curator.shaded.com.google.common.base.Preconditions.checkState(Preconditions.java:823)
	at org.apache.curator.framework.imps.CuratorFrameworkImpl.checkState(CuratorFrameworkImpl.java:432)
	at org.apache.curator.framework.imps.CuratorFrameworkImpl.getChildren(CuratorFrameworkImpl.java:480)
	at org.apache.curator.framework.recipes.cache.PathChildrenCache.refresh(PathChildrenCache.java:524)
	at org.apache.curator.framework.recipes.cache.RefreshOperation.invoke(RefreshOperation.java:35)
	at org.apache.curator.framework.recipes.cache.PathChildrenCache$9.run(PathChildrenCache.java:808)
	at java.util.concurrent.Executors$RunnableAdapter.call(Executors.java:511)
	at java.util.concurrent.FutureTask.run$$$capture(FutureTask.java:266)
	at java.util.concurrent.FutureTask.run(FutureTask.java)
	at java.util.concurrent.Executors$RunnableAdapter.call(Executors.java:511)
	at java.util.concurrent.FutureTask.run$$$capture(FutureTask.java:266)
	at java.util.concurrent.FutureTask.run(FutureTask.java)
	at java.util.concurrent.ThreadPoolExecutor.runWorker(ThreadPoolExecutor.java:1149)
	at java.util.concurrent.ThreadPoolExecutor$Worker.run(ThreadPoolExecutor.java:624)
	at java.lang.Thread.run(Thread.java:748)
2021-05-01 16:01:16.064 [apppool-2-io-1] ERROR o.a.c.framework.recipes.cache.PathChildrenCache - 
java.lang.NumberFormatException: For input string: ""
	at java.lang.NumberFormatException.forInputString(NumberFormatException.java:65)
	at java.lang.Long.parseLong(Long.java:601)
	at java.lang.Long.parseLong(Long.java:631)
	at com.sharer.server.core.distributed.ImWorker.getIdByPath(ImWorker.java:120)
	at com.sharer.server.core.distributed.WorkerRouter.processNodeAdded(WorkerRouter.java:157)
	at com.sharer.server.core.distributed.WorkerRouter.access$100(WorkerRouter.java:25)
	at com.sharer.server.core.distributed.WorkerRouter$1.childEvent(WorkerRouter.java:91)
	at org.apache.curator.framework.recipes.cache.PathChildrenCache$5.apply(PathChildrenCache.java:538)
	at org.apache.curator.framework.recipes.cache.PathChildrenCache$5.apply(PathChildrenCache.java:532)
	at org.apache.curator.framework.listen.ListenerContainer$1.run(ListenerContainer.java:100)
	at java.util.concurrent.ThreadPoolExecutor.runWorker(ThreadPoolExecutor.java:1149)
	at java.util.concurrent.ThreadPoolExecutor$Worker.run(ThreadPoolExecutor.java:624)
	at java.lang.Thread.run(Thread.java:748)
2021-05-01 16:01:41.773 [Curator-PathChildrenCache-0] ERROR o.a.c.framework.recipes.cache.PathChildrenCache - 
java.util.concurrent.RejectedExecutionException: Task org.apache.curator.framework.listen.ListenerContainer$1@107f3876 rejected from java.util.concurrent.ThreadPoolExecutor@5cbdbae2[Terminated, pool size = 0, active threads = 0, queued tasks = 0, completed tasks = 3]
	at java.util.concurrent.ThreadPoolExecutor$AbortPolicy.rejectedExecution(ThreadPoolExecutor.java:2063)
	at java.util.concurrent.ThreadPoolExecutor.reject(ThreadPoolExecutor.java:830)
	at java.util.concurrent.ThreadPoolExecutor.execute(ThreadPoolExecutor.java:1379)
	at org.apache.curator.framework.listen.ListenerContainer.forEach(ListenerContainer.java:92)
	at org.apache.curator.framework.recipes.cache.PathChildrenCache.callListeners(PathChildrenCache.java:530)
	at org.apache.curator.framework.recipes.cache.EventOperation.invoke(EventOperation.java:35)
	at org.apache.curator.framework.recipes.cache.PathChildrenCache$9.run(PathChildrenCache.java:808)
	at java.util.concurrent.Executors$RunnableAdapter.call(Executors.java:511)
	at java.util.concurrent.FutureTask.run$$$capture(FutureTask.java:266)
	at java.util.concurrent.FutureTask.run(FutureTask.java)
	at java.util.concurrent.Executors$RunnableAdapter.call(Executors.java:511)
	at java.util.concurrent.FutureTask.run$$$capture(FutureTask.java:266)
	at java.util.concurrent.FutureTask.run(FutureTask.java)
	at java.util.concurrent.ThreadPoolExecutor.runWorker(ThreadPoolExecutor.java:1149)
	at java.util.concurrent.ThreadPoolExecutor$Worker.run(ThreadPoolExecutor.java:624)
	at java.lang.Thread.run(Thread.java:748)
2021-05-01 16:01:41.774 [Curator-PathChildrenCache-0] ERROR o.a.c.framework.recipes.cache.PathChildrenCache - 
java.lang.IllegalStateException: Expected state [STARTED] was [STOPPED]
	at org.apache.curator.shaded.com.google.common.base.Preconditions.checkState(Preconditions.java:823)
	at org.apache.curator.framework.imps.CuratorFrameworkImpl.checkState(CuratorFrameworkImpl.java:432)
	at org.apache.curator.framework.imps.CuratorFrameworkImpl.getChildren(CuratorFrameworkImpl.java:480)
	at org.apache.curator.framework.recipes.cache.PathChildrenCache.refresh(PathChildrenCache.java:524)
	at org.apache.curator.framework.recipes.cache.RefreshOperation.invoke(RefreshOperation.java:35)
	at org.apache.curator.framework.recipes.cache.PathChildrenCache$9.run(PathChildrenCache.java:808)
	at java.util.concurrent.Executors$RunnableAdapter.call(Executors.java:511)
	at java.util.concurrent.FutureTask.run$$$capture(FutureTask.java:266)
	at java.util.concurrent.FutureTask.run(FutureTask.java)
	at java.util.concurrent.Executors$RunnableAdapter.call(Executors.java:511)
	at java.util.concurrent.FutureTask.run$$$capture(FutureTask.java:266)
	at java.util.concurrent.FutureTask.run(FutureTask.java)
	at java.util.concurrent.ThreadPoolExecutor.runWorker(ThreadPoolExecutor.java:1149)
	at java.util.concurrent.ThreadPoolExecutor$Worker.run(ThreadPoolExecutor.java:624)
	at java.lang.Thread.run(Thread.java:748)
2021-05-01 16:02:43.492 [apppool-2-io-1] ERROR o.a.c.framework.recipes.cache.PathChildrenCache - 
java.lang.NumberFormatException: For input string: ""
	at java.lang.NumberFormatException.forInputString(NumberFormatException.java:65)
	at java.lang.Long.parseLong(Long.java:601)
	at java.lang.Long.parseLong(Long.java:631)
	at com.sharer.server.core.distributed.ImWorker.getIdByPath(ImWorker.java:120)
	at com.sharer.server.core.distributed.WorkerRouter.processNodeAdded(WorkerRouter.java:157)
	at com.sharer.server.core.distributed.WorkerRouter.access$100(WorkerRouter.java:25)
	at com.sharer.server.core.distributed.WorkerRouter$1.childEvent(WorkerRouter.java:91)
	at org.apache.curator.framework.recipes.cache.PathChildrenCache$5.apply(PathChildrenCache.java:538)
	at org.apache.curator.framework.recipes.cache.PathChildrenCache$5.apply(PathChildrenCache.java:532)
	at org.apache.curator.framework.listen.ListenerContainer$1.run(ListenerContainer.java:100)
	at java.util.concurrent.ThreadPoolExecutor.runWorker(ThreadPoolExecutor.java:1149)
	at java.util.concurrent.ThreadPoolExecutor$Worker.run(ThreadPoolExecutor.java:624)
	at java.lang.Thread.run(Thread.java:748)
2021-05-01 16:04:16.077 [Curator-PathChildrenCache-0] ERROR o.a.c.framework.recipes.cache.PathChildrenCache - 
java.util.concurrent.RejectedExecutionException: Task org.apache.curator.framework.listen.ListenerContainer$1@4b698ee5 rejected from java.util.concurrent.ThreadPoolExecutor@22e5e3d7[Terminated, pool size = 0, active threads = 0, queued tasks = 0, completed tasks = 3]
	at java.util.concurrent.ThreadPoolExecutor$AbortPolicy.rejectedExecution(ThreadPoolExecutor.java:2063)
	at java.util.concurrent.ThreadPoolExecutor.reject(ThreadPoolExecutor.java:830)
	at java.util.concurrent.ThreadPoolExecutor.execute(ThreadPoolExecutor.java:1379)
	at org.apache.curator.framework.listen.ListenerContainer.forEach(ListenerContainer.java:92)
	at org.apache.curator.framework.recipes.cache.PathChildrenCache.callListeners(PathChildrenCache.java:530)
	at org.apache.curator.framework.recipes.cache.EventOperation.invoke(EventOperation.java:35)
	at org.apache.curator.framework.recipes.cache.PathChildrenCache$9.run(PathChildrenCache.java:808)
	at java.util.concurrent.Executors$RunnableAdapter.call(Executors.java:511)
	at java.util.concurrent.FutureTask.run$$$capture(FutureTask.java:266)
	at java.util.concurrent.FutureTask.run(FutureTask.java)
	at java.util.concurrent.Executors$RunnableAdapter.call(Executors.java:511)
	at java.util.concurrent.FutureTask.run$$$capture(FutureTask.java:266)
	at java.util.concurrent.FutureTask.run(FutureTask.java)
	at java.util.concurrent.ThreadPoolExecutor.runWorker(ThreadPoolExecutor.java:1149)
	at java.util.concurrent.ThreadPoolExecutor$Worker.run(ThreadPoolExecutor.java:624)
	at java.lang.Thread.run(Thread.java:748)
2021-05-01 16:04:16.078 [Curator-PathChildrenCache-0] ERROR o.a.c.framework.recipes.cache.PathChildrenCache - 
java.lang.IllegalStateException: Expected state [STARTED] was [STOPPED]
	at org.apache.curator.shaded.com.google.common.base.Preconditions.checkState(Preconditions.java:823)
	at org.apache.curator.framework.imps.CuratorFrameworkImpl.checkState(CuratorFrameworkImpl.java:432)
	at org.apache.curator.framework.imps.CuratorFrameworkImpl.getChildren(CuratorFrameworkImpl.java:480)
	at org.apache.curator.framework.recipes.cache.PathChildrenCache.refresh(PathChildrenCache.java:524)
	at org.apache.curator.framework.recipes.cache.RefreshOperation.invoke(RefreshOperation.java:35)
	at org.apache.curator.framework.recipes.cache.PathChildrenCache$9.run(PathChildrenCache.java:808)
	at java.util.concurrent.Executors$RunnableAdapter.call(Executors.java:511)
	at java.util.concurrent.FutureTask.run$$$capture(FutureTask.java:266)
	at java.util.concurrent.FutureTask.run(FutureTask.java)
	at java.util.concurrent.Executors$RunnableAdapter.call(Executors.java:511)
	at java.util.concurrent.FutureTask.run$$$capture(FutureTask.java:266)
	at java.util.concurrent.FutureTask.run(FutureTask.java)
	at java.util.concurrent.ThreadPoolExecutor.runWorker(ThreadPoolExecutor.java:1149)
	at java.util.concurrent.ThreadPoolExecutor$Worker.run(ThreadPoolExecutor.java:624)
	at java.lang.Thread.run(Thread.java:748)
2021-05-01 16:04:43.627 [apppool-2-io-1] ERROR o.a.c.framework.recipes.cache.PathChildrenCache - 
java.lang.NumberFormatException: For input string: ""
	at java.lang.NumberFormatException.forInputString(NumberFormatException.java:65)
	at java.lang.Long.parseLong(Long.java:601)
	at java.lang.Long.parseLong(Long.java:631)
	at com.sharer.server.core.distributed.ImWorker.getIdByPath(ImWorker.java:120)
	at com.sharer.server.core.distributed.WorkerRouter.processNodeAdded(WorkerRouter.java:157)
	at com.sharer.server.core.distributed.WorkerRouter.access$100(WorkerRouter.java:25)
	at com.sharer.server.core.distributed.WorkerRouter$1.childEvent(WorkerRouter.java:91)
	at org.apache.curator.framework.recipes.cache.PathChildrenCache$5.apply(PathChildrenCache.java:538)
	at org.apache.curator.framework.recipes.cache.PathChildrenCache$5.apply(PathChildrenCache.java:532)
	at org.apache.curator.framework.listen.ListenerContainer$1.run(ListenerContainer.java:100)
	at java.util.concurrent.ThreadPoolExecutor.runWorker(ThreadPoolExecutor.java:1149)
	at java.util.concurrent.ThreadPoolExecutor$Worker.run(ThreadPoolExecutor.java:624)
	at java.lang.Thread.run(Thread.java:748)
2021-05-01 16:05:08.552 [Curator-PathChildrenCache-0] ERROR o.a.c.framework.recipes.cache.PathChildrenCache - 
java.util.concurrent.RejectedExecutionException: Task org.apache.curator.framework.listen.ListenerContainer$1@60be3fc3 rejected from java.util.concurrent.ThreadPoolExecutor@64eae1d3[Terminated, pool size = 0, active threads = 0, queued tasks = 0, completed tasks = 3]
	at java.util.concurrent.ThreadPoolExecutor$AbortPolicy.rejectedExecution(ThreadPoolExecutor.java:2063)
	at java.util.concurrent.ThreadPoolExecutor.reject(ThreadPoolExecutor.java:830)
	at java.util.concurrent.ThreadPoolExecutor.execute(ThreadPoolExecutor.java:1379)
	at org.apache.curator.framework.listen.ListenerContainer.forEach(ListenerContainer.java:92)
	at org.apache.curator.framework.recipes.cache.PathChildrenCache.callListeners(PathChildrenCache.java:530)
	at org.apache.curator.framework.recipes.cache.EventOperation.invoke(EventOperation.java:35)
	at org.apache.curator.framework.recipes.cache.PathChildrenCache$9.run(PathChildrenCache.java:808)
	at java.util.concurrent.Executors$RunnableAdapter.call(Executors.java:511)
	at java.util.concurrent.FutureTask.run$$$capture(FutureTask.java:266)
	at java.util.concurrent.FutureTask.run(FutureTask.java)
	at java.util.concurrent.Executors$RunnableAdapter.call(Executors.java:511)
	at java.util.concurrent.FutureTask.run$$$capture(FutureTask.java:266)
	at java.util.concurrent.FutureTask.run(FutureTask.java)
	at java.util.concurrent.ThreadPoolExecutor.runWorker(ThreadPoolExecutor.java:1149)
	at java.util.concurrent.ThreadPoolExecutor$Worker.run(ThreadPoolExecutor.java:624)
	at java.lang.Thread.run(Thread.java:748)
2021-05-01 16:05:08.553 [Curator-PathChildrenCache-0] ERROR o.a.c.framework.recipes.cache.PathChildrenCache - 
java.lang.IllegalStateException: Expected state [STARTED] was [STOPPED]
	at org.apache.curator.shaded.com.google.common.base.Preconditions.checkState(Preconditions.java:823)
	at org.apache.curator.framework.imps.CuratorFrameworkImpl.checkState(CuratorFrameworkImpl.java:432)
	at org.apache.curator.framework.imps.CuratorFrameworkImpl.getChildren(CuratorFrameworkImpl.java:480)
	at org.apache.curator.framework.recipes.cache.PathChildrenCache.refresh(PathChildrenCache.java:524)
	at org.apache.curator.framework.recipes.cache.RefreshOperation.invoke(RefreshOperation.java:35)
	at org.apache.curator.framework.recipes.cache.PathChildrenCache$9.run(PathChildrenCache.java:808)
	at java.util.concurrent.Executors$RunnableAdapter.call(Executors.java:511)
	at java.util.concurrent.FutureTask.run$$$capture(FutureTask.java:266)
	at java.util.concurrent.FutureTask.run(FutureTask.java)
	at java.util.concurrent.Executors$RunnableAdapter.call(Executors.java:511)
	at java.util.concurrent.FutureTask.run$$$capture(FutureTask.java:266)
	at java.util.concurrent.FutureTask.run(FutureTask.java)
	at java.util.concurrent.ThreadPoolExecutor.runWorker(ThreadPoolExecutor.java:1149)
	at java.util.concurrent.ThreadPoolExecutor$Worker.run(ThreadPoolExecutor.java:624)
	at java.lang.Thread.run(Thread.java:748)
2021-05-01 16:06:20.634 [apppool-2-io-1] ERROR o.a.c.framework.recipes.cache.PathChildrenCache - 
java.lang.NumberFormatException: For input string: ""
	at java.lang.NumberFormatException.forInputString(NumberFormatException.java:65)
	at java.lang.Long.parseLong(Long.java:601)
	at java.lang.Long.parseLong(Long.java:631)
	at com.sharer.server.core.distributed.ImWorker.getIdByPath(ImWorker.java:120)
	at com.sharer.server.core.distributed.WorkerRouter.processNodeAdded(WorkerRouter.java:157)
	at com.sharer.server.core.distributed.WorkerRouter.access$100(WorkerRouter.java:25)
	at com.sharer.server.core.distributed.WorkerRouter$1.childEvent(WorkerRouter.java:91)
	at org.apache.curator.framework.recipes.cache.PathChildrenCache$5.apply(PathChildrenCache.java:538)
	at org.apache.curator.framework.recipes.cache.PathChildrenCache$5.apply(PathChildrenCache.java:532)
	at org.apache.curator.framework.listen.ListenerContainer$1.run(ListenerContainer.java:100)
	at java.util.concurrent.ThreadPoolExecutor.runWorker(ThreadPoolExecutor.java:1149)
	at java.util.concurrent.ThreadPoolExecutor$Worker.run(ThreadPoolExecutor.java:624)
	at java.lang.Thread.run(Thread.java:748)
2021-05-01 16:06:28.201 [Curator-PathChildrenCache-0] ERROR o.a.c.framework.recipes.cache.PathChildrenCache - 
java.util.concurrent.RejectedExecutionException: Task org.apache.curator.framework.listen.ListenerContainer$1@101b1e25 rejected from java.util.concurrent.ThreadPoolExecutor@5ebf3b26[Terminated, pool size = 0, active threads = 0, queued tasks = 0, completed tasks = 3]
	at java.util.concurrent.ThreadPoolExecutor$AbortPolicy.rejectedExecution(ThreadPoolExecutor.java:2063)
	at java.util.concurrent.ThreadPoolExecutor.reject(ThreadPoolExecutor.java:830)
	at java.util.concurrent.ThreadPoolExecutor.execute(ThreadPoolExecutor.java:1379)
	at org.apache.curator.framework.listen.ListenerContainer.forEach(ListenerContainer.java:92)
	at org.apache.curator.framework.recipes.cache.PathChildrenCache.callListeners(PathChildrenCache.java:530)
	at org.apache.curator.framework.recipes.cache.EventOperation.invoke(EventOperation.java:35)
	at org.apache.curator.framework.recipes.cache.PathChildrenCache$9.run(PathChildrenCache.java:808)
	at java.util.concurrent.Executors$RunnableAdapter.call(Executors.java:511)
	at java.util.concurrent.FutureTask.run$$$capture(FutureTask.java:266)
	at java.util.concurrent.FutureTask.run(FutureTask.java)
	at java.util.concurrent.Executors$RunnableAdapter.call(Executors.java:511)
	at java.util.concurrent.FutureTask.run$$$capture(FutureTask.java:266)
	at java.util.concurrent.FutureTask.run(FutureTask.java)
	at java.util.concurrent.ThreadPoolExecutor.runWorker(ThreadPoolExecutor.java:1149)
	at java.util.concurrent.ThreadPoolExecutor$Worker.run(ThreadPoolExecutor.java:624)
	at java.lang.Thread.run(Thread.java:748)
2021-05-01 16:06:28.202 [Curator-PathChildrenCache-0] ERROR o.a.c.framework.recipes.cache.PathChildrenCache - 
java.lang.IllegalStateException: Expected state [STARTED] was [STOPPED]
	at org.apache.curator.shaded.com.google.common.base.Preconditions.checkState(Preconditions.java:823)
	at org.apache.curator.framework.imps.CuratorFrameworkImpl.checkState(CuratorFrameworkImpl.java:432)
	at org.apache.curator.framework.imps.CuratorFrameworkImpl.getChildren(CuratorFrameworkImpl.java:480)
	at org.apache.curator.framework.recipes.cache.PathChildrenCache.refresh(PathChildrenCache.java:524)
	at org.apache.curator.framework.recipes.cache.RefreshOperation.invoke(RefreshOperation.java:35)
	at org.apache.curator.framework.recipes.cache.PathChildrenCache$9.run(PathChildrenCache.java:808)
	at java.util.concurrent.Executors$RunnableAdapter.call(Executors.java:511)
	at java.util.concurrent.FutureTask.run$$$capture(FutureTask.java:266)
	at java.util.concurrent.FutureTask.run(FutureTask.java)
	at java.util.concurrent.Executors$RunnableAdapter.call(Executors.java:511)
	at java.util.concurrent.FutureTask.run$$$capture(FutureTask.java:266)
	at java.util.concurrent.FutureTask.run(FutureTask.java)
	at java.util.concurrent.ThreadPoolExecutor.runWorker(ThreadPoolExecutor.java:1149)
	at java.util.concurrent.ThreadPoolExecutor$Worker.run(ThreadPoolExecutor.java:624)
	at java.lang.Thread.run(Thread.java:748)
2021-05-01 16:07:25.189 [apppool-2-io-2] ERROR o.a.c.framework.recipes.cache.PathChildrenCache - 
java.lang.NumberFormatException: For input string: ""
	at java.lang.NumberFormatException.forInputString(NumberFormatException.java:65)
	at java.lang.Long.parseLong(Long.java:601)
	at java.lang.Long.parseLong(Long.java:631)
	at com.sharer.server.core.distributed.ImWorker.getIdByPath(ImWorker.java:120)
	at com.sharer.server.core.distributed.WorkerRouter.processNodeAdded(WorkerRouter.java:157)
	at com.sharer.server.core.distributed.WorkerRouter.access$100(WorkerRouter.java:25)
	at com.sharer.server.core.distributed.WorkerRouter$1.childEvent(WorkerRouter.java:91)
	at org.apache.curator.framework.recipes.cache.PathChildrenCache$5.apply(PathChildrenCache.java:538)
	at org.apache.curator.framework.recipes.cache.PathChildrenCache$5.apply(PathChildrenCache.java:532)
	at org.apache.curator.framework.listen.ListenerContainer$1.run(ListenerContainer.java:100)
	at java.util.concurrent.ThreadPoolExecutor.runWorker(ThreadPoolExecutor.java:1149)
	at java.util.concurrent.ThreadPoolExecutor$Worker.run(ThreadPoolExecutor.java:624)
	at java.lang.Thread.run(Thread.java:748)
2021-05-01 16:07:59.092 [apppool-2-io-2] ERROR o.a.c.framework.recipes.cache.PathChildrenCache - 
java.lang.NumberFormatException: For input string: ""
	at java.lang.NumberFormatException.forInputString(NumberFormatException.java:65)
	at java.lang.Long.parseLong(Long.java:601)
	at java.lang.Long.parseLong(Long.java:631)
	at com.sharer.server.core.distributed.ImWorker.getIdByPath(ImWorker.java:120)
	at com.sharer.server.core.distributed.WorkerRouter.processNodeAdded(WorkerRouter.java:157)
	at com.sharer.server.core.distributed.WorkerRouter.access$100(WorkerRouter.java:25)
	at com.sharer.server.core.distributed.WorkerRouter$1.childEvent(WorkerRouter.java:91)
	at org.apache.curator.framework.recipes.cache.PathChildrenCache$5.apply(PathChildrenCache.java:538)
	at org.apache.curator.framework.recipes.cache.PathChildrenCache$5.apply(PathChildrenCache.java:532)
	at org.apache.curator.framework.listen.ListenerContainer$1.run(ListenerContainer.java:100)
	at java.util.concurrent.ThreadPoolExecutor.runWorker(ThreadPoolExecutor.java:1149)
	at java.util.concurrent.ThreadPoolExecutor$Worker.run(ThreadPoolExecutor.java:624)
	at java.lang.Thread.run(Thread.java:748)
2021-05-01 16:08:34.122 [Curator-PathChildrenCache-0] ERROR o.a.c.framework.recipes.cache.PathChildrenCache - 
java.util.concurrent.RejectedExecutionException: Task org.apache.curator.framework.listen.ListenerContainer$1@1eac6a3e rejected from java.util.concurrent.ThreadPoolExecutor@2789e0a7[Terminated, pool size = 0, active threads = 0, queued tasks = 0, completed tasks = 3]
	at java.util.concurrent.ThreadPoolExecutor$AbortPolicy.rejectedExecution(ThreadPoolExecutor.java:2063)
	at java.util.concurrent.ThreadPoolExecutor.reject(ThreadPoolExecutor.java:830)
	at java.util.concurrent.ThreadPoolExecutor.execute(ThreadPoolExecutor.java:1379)
	at org.apache.curator.framework.listen.ListenerContainer.forEach(ListenerContainer.java:92)
	at org.apache.curator.framework.recipes.cache.PathChildrenCache.callListeners(PathChildrenCache.java:530)
	at org.apache.curator.framework.recipes.cache.EventOperation.invoke(EventOperation.java:35)
	at org.apache.curator.framework.recipes.cache.PathChildrenCache$9.run(PathChildrenCache.java:808)
	at java.util.concurrent.Executors$RunnableAdapter.call(Executors.java:511)
	at java.util.concurrent.FutureTask.run$$$capture(FutureTask.java:266)
	at java.util.concurrent.FutureTask.run(FutureTask.java)
	at java.util.concurrent.Executors$RunnableAdapter.call(Executors.java:511)
	at java.util.concurrent.FutureTask.run$$$capture(FutureTask.java:266)
	at java.util.concurrent.FutureTask.run(FutureTask.java)
	at java.util.concurrent.ThreadPoolExecutor.runWorker(ThreadPoolExecutor.java:1149)
	at java.util.concurrent.ThreadPoolExecutor$Worker.run(ThreadPoolExecutor.java:624)
	at java.lang.Thread.run(Thread.java:748)
2021-05-01 16:08:34.123 [Curator-PathChildrenCache-0] ERROR o.a.c.framework.recipes.cache.PathChildrenCache - 
java.lang.IllegalStateException: Expected state [STARTED] was [STOPPED]
	at org.apache.curator.shaded.com.google.common.base.Preconditions.checkState(Preconditions.java:823)
	at org.apache.curator.framework.imps.CuratorFrameworkImpl.checkState(CuratorFrameworkImpl.java:432)
	at org.apache.curator.framework.imps.CuratorFrameworkImpl.getChildren(CuratorFrameworkImpl.java:480)
	at org.apache.curator.framework.recipes.cache.PathChildrenCache.refresh(PathChildrenCache.java:524)
	at org.apache.curator.framework.recipes.cache.RefreshOperation.invoke(RefreshOperation.java:35)
	at org.apache.curator.framework.recipes.cache.PathChildrenCache$9.run(PathChildrenCache.java:808)
	at java.util.concurrent.Executors$RunnableAdapter.call(Executors.java:511)
	at java.util.concurrent.FutureTask.run$$$capture(FutureTask.java:266)
	at java.util.concurrent.FutureTask.run(FutureTask.java)
	at java.util.concurrent.Executors$RunnableAdapter.call(Executors.java:511)
	at java.util.concurrent.FutureTask.run$$$capture(FutureTask.java:266)
	at java.util.concurrent.FutureTask.run(FutureTask.java)
	at java.util.concurrent.ThreadPoolExecutor.runWorker(ThreadPoolExecutor.java:1149)
	at java.util.concurrent.ThreadPoolExecutor$Worker.run(ThreadPoolExecutor.java:624)
	at java.lang.Thread.run(Thread.java:748)
2021-05-01 16:08:47.917 [apppool-2-io-1] ERROR o.a.c.framework.recipes.cache.PathChildrenCache - 
java.lang.NumberFormatException: For input string: ""
	at java.lang.NumberFormatException.forInputString(NumberFormatException.java:65)
	at java.lang.Long.parseLong(Long.java:601)
	at java.lang.Long.parseLong(Long.java:631)
	at com.sharer.server.core.distributed.ImWorker.getIdByPath(ImWorker.java:120)
	at com.sharer.server.core.distributed.WorkerRouter.processNodeAdded(WorkerRouter.java:157)
	at com.sharer.server.core.distributed.WorkerRouter.access$100(WorkerRouter.java:25)
	at com.sharer.server.core.distributed.WorkerRouter$1.childEvent(WorkerRouter.java:91)
	at org.apache.curator.framework.recipes.cache.PathChildrenCache$5.apply(PathChildrenCache.java:538)
	at org.apache.curator.framework.recipes.cache.PathChildrenCache$5.apply(PathChildrenCache.java:532)
	at org.apache.curator.framework.listen.ListenerContainer$1.run(ListenerContainer.java:100)
	at java.util.concurrent.ThreadPoolExecutor.runWorker(ThreadPoolExecutor.java:1149)
	at java.util.concurrent.ThreadPoolExecutor$Worker.run(ThreadPoolExecutor.java:624)
	at java.lang.Thread.run(Thread.java:748)
2021-05-01 16:09:43.544 [Curator-PathChildrenCache-0] ERROR o.a.c.framework.recipes.cache.PathChildrenCache - 
java.util.concurrent.RejectedExecutionException: Task org.apache.curator.framework.listen.ListenerContainer$1@71f233c1 rejected from java.util.concurrent.ThreadPoolExecutor@11fe3ef9[Terminated, pool size = 0, active threads = 0, queued tasks = 0, completed tasks = 3]
	at java.util.concurrent.ThreadPoolExecutor$AbortPolicy.rejectedExecution(ThreadPoolExecutor.java:2063)
	at java.util.concurrent.ThreadPoolExecutor.reject(ThreadPoolExecutor.java:830)
	at java.util.concurrent.ThreadPoolExecutor.execute(ThreadPoolExecutor.java:1379)
	at org.apache.curator.framework.listen.ListenerContainer.forEach(ListenerContainer.java:92)
	at org.apache.curator.framework.recipes.cache.PathChildrenCache.callListeners(PathChildrenCache.java:530)
	at org.apache.curator.framework.recipes.cache.EventOperation.invoke(EventOperation.java:35)
	at org.apache.curator.framework.recipes.cache.PathChildrenCache$9.run(PathChildrenCache.java:808)
	at java.util.concurrent.Executors$RunnableAdapter.call(Executors.java:511)
	at java.util.concurrent.FutureTask.run$$$capture(FutureTask.java:266)
	at java.util.concurrent.FutureTask.run(FutureTask.java)
	at java.util.concurrent.Executors$RunnableAdapter.call(Executors.java:511)
	at java.util.concurrent.FutureTask.run$$$capture(FutureTask.java:266)
	at java.util.concurrent.FutureTask.run(FutureTask.java)
	at java.util.concurrent.ThreadPoolExecutor.runWorker(ThreadPoolExecutor.java:1149)
	at java.util.concurrent.ThreadPoolExecutor$Worker.run(ThreadPoolExecutor.java:624)
	at java.lang.Thread.run(Thread.java:748)
2021-05-01 16:09:43.545 [Curator-PathChildrenCache-0] ERROR o.a.c.framework.recipes.cache.PathChildrenCache - 
java.lang.IllegalStateException: Expected state [STARTED] was [STOPPED]
	at org.apache.curator.shaded.com.google.common.base.Preconditions.checkState(Preconditions.java:823)
	at org.apache.curator.framework.imps.CuratorFrameworkImpl.checkState(CuratorFrameworkImpl.java:432)
	at org.apache.curator.framework.imps.CuratorFrameworkImpl.getChildren(CuratorFrameworkImpl.java:480)
	at org.apache.curator.framework.recipes.cache.PathChildrenCache.refresh(PathChildrenCache.java:524)
	at org.apache.curator.framework.recipes.cache.RefreshOperation.invoke(RefreshOperation.java:35)
	at org.apache.curator.framework.recipes.cache.PathChildrenCache$9.run(PathChildrenCache.java:808)
	at java.util.concurrent.Executors$RunnableAdapter.call(Executors.java:511)
	at java.util.concurrent.FutureTask.run$$$capture(FutureTask.java:266)
	at java.util.concurrent.FutureTask.run(FutureTask.java)
	at java.util.concurrent.Executors$RunnableAdapter.call(Executors.java:511)
	at java.util.concurrent.FutureTask.run$$$capture(FutureTask.java:266)
	at java.util.concurrent.FutureTask.run(FutureTask.java)
	at java.util.concurrent.ThreadPoolExecutor.runWorker(ThreadPoolExecutor.java:1149)
	at java.util.concurrent.ThreadPoolExecutor$Worker.run(ThreadPoolExecutor.java:624)
	at java.lang.Thread.run(Thread.java:748)
2021-05-01 16:10:05.640 [apppool-2-io-2] ERROR o.a.c.framework.recipes.cache.PathChildrenCache - 
java.lang.NumberFormatException: For input string: ""
	at java.lang.NumberFormatException.forInputString(NumberFormatException.java:65)
	at java.lang.Long.parseLong(Long.java:601)
	at java.lang.Long.parseLong(Long.java:631)
	at com.sharer.server.core.distributed.ImWorker.getIdByPath(ImWorker.java:120)
	at com.sharer.server.core.distributed.WorkerRouter.processNodeAdded(WorkerRouter.java:157)
	at com.sharer.server.core.distributed.WorkerRouter.access$100(WorkerRouter.java:25)
	at com.sharer.server.core.distributed.WorkerRouter$1.childEvent(WorkerRouter.java:91)
	at org.apache.curator.framework.recipes.cache.PathChildrenCache$5.apply(PathChildrenCache.java:538)
	at org.apache.curator.framework.recipes.cache.PathChildrenCache$5.apply(PathChildrenCache.java:532)
	at org.apache.curator.framework.listen.ListenerContainer$1.run(ListenerContainer.java:100)
	at java.util.concurrent.ThreadPoolExecutor.runWorker(ThreadPoolExecutor.java:1149)
	at java.util.concurrent.ThreadPoolExecutor$Worker.run(ThreadPoolExecutor.java:624)
	at java.lang.Thread.run(Thread.java:748)
2021-05-01 16:10:37.669 [Curator-PathChildrenCache-0] ERROR o.a.c.framework.recipes.cache.PathChildrenCache - 
java.util.concurrent.RejectedExecutionException: Task org.apache.curator.framework.listen.ListenerContainer$1@60be3fc3 rejected from java.util.concurrent.ThreadPoolExecutor@64eae1d3[Terminated, pool size = 0, active threads = 0, queued tasks = 0, completed tasks = 3]
	at java.util.concurrent.ThreadPoolExecutor$AbortPolicy.rejectedExecution(ThreadPoolExecutor.java:2063)
	at java.util.concurrent.ThreadPoolExecutor.reject(ThreadPoolExecutor.java:830)
	at java.util.concurrent.ThreadPoolExecutor.execute(ThreadPoolExecutor.java:1379)
	at org.apache.curator.framework.listen.ListenerContainer.forEach(ListenerContainer.java:92)
	at org.apache.curator.framework.recipes.cache.PathChildrenCache.callListeners(PathChildrenCache.java:530)
	at org.apache.curator.framework.recipes.cache.EventOperation.invoke(EventOperation.java:35)
	at org.apache.curator.framework.recipes.cache.PathChildrenCache$9.run(PathChildrenCache.java:808)
	at java.util.concurrent.Executors$RunnableAdapter.call(Executors.java:511)
	at java.util.concurrent.FutureTask.run$$$capture(FutureTask.java:266)
	at java.util.concurrent.FutureTask.run(FutureTask.java)
	at java.util.concurrent.Executors$RunnableAdapter.call(Executors.java:511)
	at java.util.concurrent.FutureTask.run$$$capture(FutureTask.java:266)
	at java.util.concurrent.FutureTask.run(FutureTask.java)
	at java.util.concurrent.ThreadPoolExecutor.runWorker(ThreadPoolExecutor.java:1149)
	at java.util.concurrent.ThreadPoolExecutor$Worker.run(ThreadPoolExecutor.java:624)
	at java.lang.Thread.run(Thread.java:748)
2021-05-01 16:10:37.669 [Curator-PathChildrenCache-0] ERROR o.a.c.framework.recipes.cache.PathChildrenCache - 
java.lang.IllegalStateException: Expected state [STARTED] was [STOPPED]
	at org.apache.curator.shaded.com.google.common.base.Preconditions.checkState(Preconditions.java:823)
	at org.apache.curator.framework.imps.CuratorFrameworkImpl.checkState(CuratorFrameworkImpl.java:432)
	at org.apache.curator.framework.imps.CuratorFrameworkImpl.getChildren(CuratorFrameworkImpl.java:480)
	at org.apache.curator.framework.recipes.cache.PathChildrenCache.refresh(PathChildrenCache.java:524)
	at org.apache.curator.framework.recipes.cache.RefreshOperation.invoke(RefreshOperation.java:35)
	at org.apache.curator.framework.recipes.cache.PathChildrenCache$9.run(PathChildrenCache.java:808)
	at java.util.concurrent.Executors$RunnableAdapter.call(Executors.java:511)
	at java.util.concurrent.FutureTask.run$$$capture(FutureTask.java:266)
	at java.util.concurrent.FutureTask.run(FutureTask.java)
	at java.util.concurrent.Executors$RunnableAdapter.call(Executors.java:511)
	at java.util.concurrent.FutureTask.run$$$capture(FutureTask.java:266)
	at java.util.concurrent.FutureTask.run(FutureTask.java)
	at java.util.concurrent.ThreadPoolExecutor.runWorker(ThreadPoolExecutor.java:1149)
	at java.util.concurrent.ThreadPoolExecutor$Worker.run(ThreadPoolExecutor.java:624)
	at java.lang.Thread.run(Thread.java:748)
